
 ERROR 01-Jul-2023 11:31:55 [7] - Exception :01312023113155904543
User Id: 102660 
 System.NullReferenceException: Object reference not set to an instance of an object.
   at BZ.FW.WebUtility.Utilities.WebApiHelper.Get[T](String Controller, String Action, List`1 vParam) in D:\Apps\.NetCoreApplication\EMSwithAPI\EMS\BZ.FW.WebUtility\Utilities\WebApiHelper.cs:line 62
   at TCE.EMS.WEB.Controllers.TripController.GetCountry() in D:\Apps\.NetCoreApplication\EMSwithAPI\EMS\TCE.EMS.WEB\Controllers\TripController.cs:line 63

 ERROR 01-Jul-2023 11:32:26 [7] - Exception :01322023113226866251
User Id: 102660 
 System.NullReferenceException: Object reference not set to an instance of an object.
   at BZ.FW.WebUtility.Utilities.WebApiHelper.Get[T](String Controller, String Action, List`1 vParam) in D:\Apps\.NetCoreApplication\EMSwithAPI\EMS\BZ.FW.WebUtility\Utilities\WebApiHelper.cs:line 62
   at TCE.EMS.WEB.Controllers.TripController.GetCountry() in D:\Apps\.NetCoreApplication\EMSwithAPI\EMS\TCE.EMS.WEB\Controllers\TripController.cs:line 63

 ERROR 01-Jul-2023 11:37:50 [7] - Exception :01372023113750617360
User Id: 102660 
 System.NullReferenceException: Object reference not set to an instance of an object.
   at BZ.FW.WebUtility.Utilities.WebApiHelper.Get[T](String Controller, String Action, List`1 vParam) in D:\Apps\.NetCoreApplication\EMSwithAPI\EMS\BZ.FW.WebUtility\Utilities\WebApiHelper.cs:line 62
   at TCE.EMS.Web.Controllers.CommonController.Edit(String id) in D:\Apps\.NetCoreApplication\EMSwithAPI\EMS\TCE.EMS.WEB\Controllers\CommonController.cs:line 129

 ERROR 01-Jul-2023 11:39:51 [10] - Exception :01392023113951118318
User Id: 102660 
 System.NullReferenceException: Object reference not set to an instance of an object.
   at BZ.FW.WebUtility.Utilities.WebApiHelper.Get[T](String Controller, String Action, List`1 vParam) in D:\Apps\.NetCoreApplication\EMSwithAPI\EMS\BZ.FW.WebUtility\Utilities\WebApiHelper.cs:line 62
   at TCE.EMS.Web.Controllers.CommonController.Edit(String id) in D:\Apps\.NetCoreApplication\EMSwithAPI\EMS\TCE.EMS.WEB\Controllers\CommonController.cs:line 129

 ERROR 01-Jul-2023 11:45:44 [7] - Exception :01452023114544546283
User Id: 102660 
 System.AggregateException: One or more errors occurred. (An error occurred while sending the request.)
 ---> System.Net.Http.HttpRequestException: An error occurred while sending the request.
 ---> System.IO.IOException: Unable to read data from the transport connection: An existing connection was forcibly closed by the remote host..
 ---> System.Net.Sockets.SocketException (10054): An existing connection was forcibly closed by the remote host.
   --- End of inner exception stack trace ---
   at System.Net.Sockets.Socket.AwaitableSocketAsyncEventArgs.ThrowException(SocketError error, CancellationToken cancellationToken)
   at System.Net.Sockets.Socket.AwaitableSocketAsyncEventArgs.System.Threading.Tasks.Sources.IValueTaskSource<System.Int32>.GetResult(Int16 token)
   at System.Net.Http.HttpConnection.InitialFillAsync(Boolean async)
   at System.Net.Http.HttpConnection.SendAsyncCore(HttpRequestMessage request, Boolean async, CancellationToken cancellationToken)
   --- End of inner exception stack trace ---
   at System.Net.Http.HttpConnection.SendAsyncCore(HttpRequestMessage request, Boolean async, CancellationToken cancellationToken)
   at System.Net.Http.HttpConnectionPool.SendWithVersionDetectionAndRetryAsync(HttpRequestMessage request, Boolean async, Boolean doRequestAuth, CancellationToken cancellationToken)
   at System.Net.Http.DiagnosticsHandler.SendAsyncCore(HttpRequestMessage request, Boolean async, CancellationToken cancellationToken)
   at System.Net.Http.RedirectHandler.SendAsync(HttpRequestMessage request, Boolean async, CancellationToken cancellationToken)
   at System.Net.Http.HttpClient.<SendAsync>g__Core|83_0(HttpRequestMessage request, HttpCompletionOption completionOption, CancellationTokenSource cts, Boolean disposeCts, CancellationTokenSource pendingRequestsCts, CancellationToken originalCancellationToken)
   --- End of inner exception stack trace ---
   at System.Threading.Tasks.Task.ThrowIfExceptional(Boolean includeTaskCanceledExceptions)
   at System.Threading.Tasks.Task`1.GetResultCore(Boolean waitCompletionNotification)
   at BZ.FW.WebUtility.Utilities.WebApiHelper.Get[T](String Controller, String Action, List`1 vParam) in D:\Apps\.NetCoreApplication\EMSwithAPI\EMS\BZ.FW.WebUtility\Utilities\WebApiHelper.cs:line 54
   at TCE.EMS.Web.Controllers.CommonController.Edit(String id) in D:\Apps\.NetCoreApplication\EMSwithAPI\EMS\TCE.EMS.WEB\Controllers\CommonController.cs:line 129

 ERROR 01-Jul-2023 11:45:44 [7] - Level 2 Exception :  
 System.Net.Http.HttpRequestException: An error occurred while sending the request.
 ---> System.IO.IOException: Unable to read data from the transport connection: An existing connection was forcibly closed by the remote host..
 ---> System.Net.Sockets.SocketException (10054): An existing connection was forcibly closed by the remote host.
   --- End of inner exception stack trace ---
   at System.Net.Sockets.Socket.AwaitableSocketAsyncEventArgs.ThrowException(SocketError error, CancellationToken cancellationToken)
   at System.Net.Sockets.Socket.AwaitableSocketAsyncEventArgs.System.Threading.Tasks.Sources.IValueTaskSource<System.Int32>.GetResult(Int16 token)
   at System.Net.Http.HttpConnection.InitialFillAsync(Boolean async)
   at System.Net.Http.HttpConnection.SendAsyncCore(HttpRequestMessage request, Boolean async, CancellationToken cancellationToken)
   --- End of inner exception stack trace ---
   at System.Net.Http.HttpConnection.SendAsyncCore(HttpRequestMessage request, Boolean async, CancellationToken cancellationToken)
   at System.Net.Http.HttpConnectionPool.SendWithVersionDetectionAndRetryAsync(HttpRequestMessage request, Boolean async, Boolean doRequestAuth, CancellationToken cancellationToken)
   at System.Net.Http.DiagnosticsHandler.SendAsyncCore(HttpRequestMessage request, Boolean async, CancellationToken cancellationToken)
   at System.Net.Http.RedirectHandler.SendAsync(HttpRequestMessage request, Boolean async, CancellationToken cancellationToken)
   at System.Net.Http.HttpClient.<SendAsync>g__Core|83_0(HttpRequestMessage request, HttpCompletionOption completionOption, CancellationTokenSource cts, Boolean disposeCts, CancellationTokenSource pendingRequestsCts, CancellationToken originalCancellationToken)

 ERROR 01-Jul-2023 11:45:44 [7] - Level 3 Exception :  
 System.IO.IOException: Unable to read data from the transport connection: An existing connection was forcibly closed by the remote host..
 ---> System.Net.Sockets.SocketException (10054): An existing connection was forcibly closed by the remote host.
   --- End of inner exception stack trace ---
   at System.Net.Sockets.Socket.AwaitableSocketAsyncEventArgs.ThrowException(SocketError error, CancellationToken cancellationToken)
   at System.Net.Sockets.Socket.AwaitableSocketAsyncEventArgs.System.Threading.Tasks.Sources.IValueTaskSource<System.Int32>.GetResult(Int16 token)
   at System.Net.Http.HttpConnection.InitialFillAsync(Boolean async)
   at System.Net.Http.HttpConnection.SendAsyncCore(HttpRequestMessage request, Boolean async, CancellationToken cancellationToken)
