
 ERROR 11-Jul-2023 19:20:05 [18] - Exception :11202023192004725738
User Id: 102660 
 System.Exception: Error performing action. Please try again or contact system admin. Error No.11202023192004735161
   at BZ.FW.WebUtility.DataGridHelper.GetDataList(Controller CurrObj, IConfiguration vConfiguration, UserObj mUserObj, String vAPIControllerName, String vAPIActionName, List`1 vFilters) in D:\Apps\.NetCoreApplication\EMSwithAPI\EMS\BZ.FW.WebUtility\Utilities\DataGridHelper.cs:line 47
   at TCE.EMS.WEB.Controllers.PendingForMyActionController.GetViewData(String vEmpCode, String vType) in D:\Apps\.NetCoreApplication\EMSwithAPI\EMS\TCE.EMS.WEB\Controllers\PendingForMyActionController.cs:line 56

 ERROR 11-Jul-2023 19:22:20 [3] - Exception :11222023192220143705
User Id: 102660 
 System.Exception: Error performing action. Please try again or contact system admin. Error No.11222023192220962277
   at BZ.FW.WebUtility.DataGridHelper.GetDataList(Controller CurrObj, IConfiguration vConfiguration, UserObj mUserObj, String vAPIControllerName, String vAPIActionName, List`1 vFilters) in D:\Apps\.NetCoreApplication\EMSwithAPI\EMS\BZ.FW.WebUtility\Utilities\DataGridHelper.cs:line 47
   at TCE.EMS.WEB.Controllers.PendingForMyActionController.GetViewData(String vEmpCode, String vType) in D:\Apps\.NetCoreApplication\EMSwithAPI\EMS\TCE.EMS.WEB\Controllers\PendingForMyActionController.cs:line 56

 ERROR 11-Jul-2023 19:23:09 [20] - Exception :11232023192309536779
User Id: 102660 
 System.Exception: Error performing action. Please try again or contact system admin. Error No.11232023192309278808
   at BZ.FW.WebUtility.DataGridHelper.GetDataList(Controller CurrObj, IConfiguration vConfiguration, UserObj mUserObj, String vAPIControllerName, String vAPIActionName, List`1 vFilters) in D:\Apps\.NetCoreApplication\EMSwithAPI\EMS\BZ.FW.WebUtility\Utilities\DataGridHelper.cs:line 47
   at TCE.EMS.WEB.Controllers.PendingForMyActionController.GetViewData(String vEmpCode, String vType) in D:\Apps\.NetCoreApplication\EMSwithAPI\EMS\TCE.EMS.WEB\Controllers\PendingForMyActionController.cs:line 56

 ERROR 11-Jul-2023 19:23:24 [20] - Exception :11232023192324253659
User Id: 102660 
 System.Exception: Error performing action. Please try again or contact system admin. Error No.11232023192323813563
   at BZ.FW.WebUtility.DataGridHelper.GetDataList(Controller CurrObj, IConfiguration vConfiguration, UserObj mUserObj, String vAPIControllerName, String vAPIActionName, List`1 vFilters) in D:\Apps\.NetCoreApplication\EMSwithAPI\EMS\BZ.FW.WebUtility\Utilities\DataGridHelper.cs:line 47
   at TCE.EMS.WEB.Controllers.PendingForMyActionController.GetViewData(String vEmpCode, String vType) in D:\Apps\.NetCoreApplication\EMSwithAPI\EMS\TCE.EMS.WEB\Controllers\PendingForMyActionController.cs:line 56

 ERROR 11-Jul-2023 19:23:52 [18] - Exception :11232023192352843052
User Id: 102660 
 System.Exception: Error performing action. Please try again or contact system admin. Error No.11232023192352761874
   at BZ.FW.WebUtility.DataGridHelper.GetDataList(Controller CurrObj, IConfiguration vConfiguration, UserObj mUserObj, String vAPIControllerName, String vAPIActionName, List`1 vFilters) in D:\Apps\.NetCoreApplication\EMSwithAPI\EMS\BZ.FW.WebUtility\Utilities\DataGridHelper.cs:line 47
   at TCE.EMS.WEB.Controllers.PendingForMyActionController.GetViewData(String vEmpCode, String vType) in D:\Apps\.NetCoreApplication\EMSwithAPI\EMS\TCE.EMS.WEB\Controllers\PendingForMyActionController.cs:line 56

 ERROR 11-Jul-2023 19:25:05 [18] - Exception :11252023192505253816
User Id: 102660 
 System.Exception: Error performing action. Please try again or contact system admin. Error No.11252023192505423939
   at BZ.FW.WebUtility.DataGridHelper.GetDataList(Controller CurrObj, IConfiguration vConfiguration, UserObj mUserObj, String vAPIControllerName, String vAPIActionName, List`1 vFilters) in D:\Apps\.NetCoreApplication\EMSwithAPI\EMS\BZ.FW.WebUtility\Utilities\DataGridHelper.cs:line 47
   at TCE.EMS.WEB.Controllers.PendingForMyActionController.GetViewData(String vEmpCode, String vType) in D:\Apps\.NetCoreApplication\EMSwithAPI\EMS\TCE.EMS.WEB\Controllers\PendingForMyActionController.cs:line 56

 ERROR 11-Jul-2023 19:25:45 [3] - Exception :11252023192545915377
User Id: 102660 
 System.Exception: Error performing action. Please try again or contact system admin. Error No.11252023192545559285
   at BZ.FW.WebUtility.DataGridHelper.GetDataList(Controller CurrObj, IConfiguration vConfiguration, UserObj mUserObj, String vAPIControllerName, String vAPIActionName, List`1 vFilters) in D:\Apps\.NetCoreApplication\EMSwithAPI\EMS\BZ.FW.WebUtility\Utilities\DataGridHelper.cs:line 47
   at TCE.EMS.WEB.Controllers.PendingForMyActionController.GetViewData(String vEmpCode, String vType) in D:\Apps\.NetCoreApplication\EMSwithAPI\EMS\TCE.EMS.WEB\Controllers\PendingForMyActionController.cs:line 56

 ERROR 11-Jul-2023 19:46:38 [9] - Exception :11462023194638077464
User Id: 102660 
 System.NullReferenceException: Object reference not set to an instance of an object.
   at BZ.FW.WebUtility.DataGridHelper.GetDataList(Controller CurrObj, IConfiguration vConfiguration, UserObj mUserObj, String vAPIControllerName, String vAPIActionName, List`1 vFilters) in D:\Apps\.NetCoreApplication\EMSwithAPI\EMS\BZ.FW.WebUtility\Utilities\DataGridHelper.cs:line 46
   at TCE.EMS.WEB.Controllers.MyTripsController.GetViewData(String vEmpCode, String vType) in D:\Apps\.NetCoreApplication\EMSwithAPI\EMS\TCE.EMS.WEB\Controllers\MyTripsController.cs:line 57

 ERROR 11-Jul-2023 19:51:05 [9] - Exception :11512023195105066475
User Id: 102660 
 System.Threading.Tasks.TaskCanceledException: The request was canceled due to the configured HttpClient.Timeout of 100 seconds elapsing.
 ---> System.TimeoutException: The operation was canceled.
 ---> System.Threading.Tasks.TaskCanceledException: The operation was canceled.
 ---> System.IO.IOException: Unable to read data from the transport connection: The I/O operation has been aborted because of either a thread exit or an application request..
 ---> System.Net.Sockets.SocketException (995): The I/O operation has been aborted because of either a thread exit or an application request.
   --- End of inner exception stack trace ---
   at System.Net.Sockets.Socket.AwaitableSocketAsyncEventArgs.ThrowException(SocketError error, CancellationToken cancellationToken)
   at System.Net.Sockets.Socket.AwaitableSocketAsyncEventArgs.System.Threading.Tasks.Sources.IValueTaskSource<System.Int32>.GetResult(Int16 token)
   at System.Net.Http.HttpConnection.InitialFillAsync(Boolean async)
   at System.Net.Http.HttpConnection.SendAsyncCore(HttpRequestMessage request, Boolean async, CancellationToken cancellationToken)
   --- End of inner exception stack trace ---
   at System.Net.Http.HttpConnection.SendAsyncCore(HttpRequestMessage request, Boolean async, CancellationToken cancellationToken)
   at System.Net.Http.HttpConnectionPool.SendWithVersionDetectionAndRetryAsync(HttpRequestMessage request, Boolean async, Boolean doRequestAuth, CancellationToken cancellationToken)
   at System.Net.Http.DiagnosticsHandler.SendAsyncCore(HttpRequestMessage request, Boolean async, CancellationToken cancellationToken)
   at System.Net.Http.RedirectHandler.SendAsync(HttpRequestMessage request, Boolean async, CancellationToken cancellationToken)
   at System.Net.Http.HttpClient.<SendAsync>g__Core|83_0(HttpRequestMessage request, HttpCompletionOption completionOption, CancellationTokenSource cts, Boolean disposeCts, CancellationTokenSource pendingRequestsCts, CancellationToken originalCancellationToken)
   --- End of inner exception stack trace ---
   --- End of inner exception stack trace ---
   at System.Net.Http.HttpClient.HandleFailure(Exception e, Boolean telemetryStarted, HttpResponseMessage response, CancellationTokenSource cts, CancellationToken cancellationToken, CancellationTokenSource pendingRequestsCts)
   at System.Net.Http.HttpClient.<SendAsync>g__Core|83_0(HttpRequestMessage request, HttpCompletionOption completionOption, CancellationTokenSource cts, Boolean disposeCts, CancellationTokenSource pendingRequestsCts, CancellationToken originalCancellationToken)
   at BZ.FW.WebUtility.Utilities.WebApiHelper.Post[T](String vAPIController, String vAPIAction, Object vPostData) in D:\Apps\.NetCoreApplication\EMSwithAPI\EMS\BZ.FW.WebUtility\Utilities\WebApiHelper.cs:line 82
   at BZ.FW.WebUtility.DataGridHelper.GetDataList(Controller CurrObj, IConfiguration vConfiguration, UserObj mUserObj, String vAPIControllerName, String vAPIActionName, List`1 vFilters) in D:\Apps\.NetCoreApplication\EMSwithAPI\EMS\BZ.FW.WebUtility\Utilities\DataGridHelper.cs:line 45
   at TCE.EMS.WEB.Controllers.MyTripsController.GetViewData(String vEmpCode, String vType) in D:\Apps\.NetCoreApplication\EMSwithAPI\EMS\TCE.EMS.WEB\Controllers\MyTripsController.cs:line 57

 ERROR 11-Jul-2023 19:51:05 [9] - Level 2 Exception :  
 System.TimeoutException: The operation was canceled.
 ---> System.Threading.Tasks.TaskCanceledException: The operation was canceled.
 ---> System.IO.IOException: Unable to read data from the transport connection: The I/O operation has been aborted because of either a thread exit or an application request..
 ---> System.Net.Sockets.SocketException (995): The I/O operation has been aborted because of either a thread exit or an application request.
   --- End of inner exception stack trace ---
   at System.Net.Sockets.Socket.AwaitableSocketAsyncEventArgs.ThrowException(SocketError error, CancellationToken cancellationToken)
   at System.Net.Sockets.Socket.AwaitableSocketAsyncEventArgs.System.Threading.Tasks.Sources.IValueTaskSource<System.Int32>.GetResult(Int16 token)
   at System.Net.Http.HttpConnection.InitialFillAsync(Boolean async)
   at System.Net.Http.HttpConnection.SendAsyncCore(HttpRequestMessage request, Boolean async, CancellationToken cancellationToken)
   --- End of inner exception stack trace ---
   at System.Net.Http.HttpConnection.SendAsyncCore(HttpRequestMessage request, Boolean async, CancellationToken cancellationToken)
   at System.Net.Http.HttpConnectionPool.SendWithVersionDetectionAndRetryAsync(HttpRequestMessage request, Boolean async, Boolean doRequestAuth, CancellationToken cancellationToken)
   at System.Net.Http.DiagnosticsHandler.SendAsyncCore(HttpRequestMessage request, Boolean async, CancellationToken cancellationToken)
   at System.Net.Http.RedirectHandler.SendAsync(HttpRequestMessage request, Boolean async, CancellationToken cancellationToken)
   at System.Net.Http.HttpClient.<SendAsync>g__Core|83_0(HttpRequestMessage request, HttpCompletionOption completionOption, CancellationTokenSource cts, Boolean disposeCts, CancellationTokenSource pendingRequestsCts, CancellationToken originalCancellationToken)
   --- End of inner exception stack trace ---

 ERROR 11-Jul-2023 19:51:05 [9] - Level 3 Exception :  
 System.Threading.Tasks.TaskCanceledException: The operation was canceled.
 ---> System.IO.IOException: Unable to read data from the transport connection: The I/O operation has been aborted because of either a thread exit or an application request..
 ---> System.Net.Sockets.SocketException (995): The I/O operation has been aborted because of either a thread exit or an application request.
   --- End of inner exception stack trace ---
   at System.Net.Sockets.Socket.AwaitableSocketAsyncEventArgs.ThrowException(SocketError error, CancellationToken cancellationToken)
   at System.Net.Sockets.Socket.AwaitableSocketAsyncEventArgs.System.Threading.Tasks.Sources.IValueTaskSource<System.Int32>.GetResult(Int16 token)
   at System.Net.Http.HttpConnection.InitialFillAsync(Boolean async)
   at System.Net.Http.HttpConnection.SendAsyncCore(HttpRequestMessage request, Boolean async, CancellationToken cancellationToken)
   --- End of inner exception stack trace ---
   at System.Net.Http.HttpConnection.SendAsyncCore(HttpRequestMessage request, Boolean async, CancellationToken cancellationToken)
   at System.Net.Http.HttpConnectionPool.SendWithVersionDetectionAndRetryAsync(HttpRequestMessage request, Boolean async, Boolean doRequestAuth, CancellationToken cancellationToken)
   at System.Net.Http.DiagnosticsHandler.SendAsyncCore(HttpRequestMessage request, Boolean async, CancellationToken cancellationToken)
   at System.Net.Http.RedirectHandler.SendAsync(HttpRequestMessage request, Boolean async, CancellationToken cancellationToken)
   at System.Net.Http.HttpClient.<SendAsync>g__Core|83_0(HttpRequestMessage request, HttpCompletionOption completionOption, CancellationTokenSource cts, Boolean disposeCts, CancellationTokenSource pendingRequestsCts, CancellationToken originalCancellationToken)

 ERROR 11-Jul-2023 19:51:19 [7] - Exception :11512023195119739599
User Id: 102660 
 System.Threading.Tasks.TaskCanceledException: The request was canceled due to the configured HttpClient.Timeout of 100 seconds elapsing.
 ---> System.TimeoutException: The operation was canceled.
 ---> System.Threading.Tasks.TaskCanceledException: The operation was canceled.
 ---> System.IO.IOException: Unable to read data from the transport connection: The I/O operation has been aborted because of either a thread exit or an application request..
 ---> System.Net.Sockets.SocketException (995): The I/O operation has been aborted because of either a thread exit or an application request.
   --- End of inner exception stack trace ---
   at System.Net.Sockets.Socket.AwaitableSocketAsyncEventArgs.ThrowException(SocketError error, CancellationToken cancellationToken)
   at System.Net.Sockets.Socket.AwaitableSocketAsyncEventArgs.System.Threading.Tasks.Sources.IValueTaskSource<System.Int32>.GetResult(Int16 token)
   at System.Net.Http.HttpConnection.InitialFillAsync(Boolean async)
   at System.Net.Http.HttpConnection.SendAsyncCore(HttpRequestMessage request, Boolean async, CancellationToken cancellationToken)
   --- End of inner exception stack trace ---
   at System.Net.Http.HttpConnection.SendAsyncCore(HttpRequestMessage request, Boolean async, CancellationToken cancellationToken)
   at System.Net.Http.HttpConnectionPool.SendWithVersionDetectionAndRetryAsync(HttpRequestMessage request, Boolean async, Boolean doRequestAuth, CancellationToken cancellationToken)
   at System.Net.Http.DiagnosticsHandler.SendAsyncCore(HttpRequestMessage request, Boolean async, CancellationToken cancellationToken)
   at System.Net.Http.RedirectHandler.SendAsync(HttpRequestMessage request, Boolean async, CancellationToken cancellationToken)
   at System.Net.Http.HttpClient.<SendAsync>g__Core|83_0(HttpRequestMessage request, HttpCompletionOption completionOption, CancellationTokenSource cts, Boolean disposeCts, CancellationTokenSource pendingRequestsCts, CancellationToken originalCancellationToken)
   --- End of inner exception stack trace ---
   --- End of inner exception stack trace ---
   at System.Net.Http.HttpClient.HandleFailure(Exception e, Boolean telemetryStarted, HttpResponseMessage response, CancellationTokenSource cts, CancellationToken cancellationToken, CancellationTokenSource pendingRequestsCts)
   at System.Net.Http.HttpClient.<SendAsync>g__Core|83_0(HttpRequestMessage request, HttpCompletionOption completionOption, CancellationTokenSource cts, Boolean disposeCts, CancellationTokenSource pendingRequestsCts, CancellationToken originalCancellationToken)
   at BZ.FW.WebUtility.Utilities.WebApiHelper.Post[T](String vAPIController, String vAPIAction, Object vPostData) in D:\Apps\.NetCoreApplication\EMSwithAPI\EMS\BZ.FW.WebUtility\Utilities\WebApiHelper.cs:line 82
   at BZ.FW.WebUtility.DataGridHelper.GetDataList(Controller CurrObj, IConfiguration vConfiguration, UserObj mUserObj, String vAPIControllerName, String vAPIActionName, List`1 vFilters) in D:\Apps\.NetCoreApplication\EMSwithAPI\EMS\BZ.FW.WebUtility\Utilities\DataGridHelper.cs:line 45
   at TCE.EMS.WEB.Controllers.MyTripsController.GetViewData(String vEmpCode, String vType) in D:\Apps\.NetCoreApplication\EMSwithAPI\EMS\TCE.EMS.WEB\Controllers\MyTripsController.cs:line 57

 ERROR 11-Jul-2023 19:51:19 [7] - Level 2 Exception :  
 System.TimeoutException: The operation was canceled.
 ---> System.Threading.Tasks.TaskCanceledException: The operation was canceled.
 ---> System.IO.IOException: Unable to read data from the transport connection: The I/O operation has been aborted because of either a thread exit or an application request..
 ---> System.Net.Sockets.SocketException (995): The I/O operation has been aborted because of either a thread exit or an application request.
   --- End of inner exception stack trace ---
   at System.Net.Sockets.Socket.AwaitableSocketAsyncEventArgs.ThrowException(SocketError error, CancellationToken cancellationToken)
   at System.Net.Sockets.Socket.AwaitableSocketAsyncEventArgs.System.Threading.Tasks.Sources.IValueTaskSource<System.Int32>.GetResult(Int16 token)
   at System.Net.Http.HttpConnection.InitialFillAsync(Boolean async)
   at System.Net.Http.HttpConnection.SendAsyncCore(HttpRequestMessage request, Boolean async, CancellationToken cancellationToken)
   --- End of inner exception stack trace ---
   at System.Net.Http.HttpConnection.SendAsyncCore(HttpRequestMessage request, Boolean async, CancellationToken cancellationToken)
   at System.Net.Http.HttpConnectionPool.SendWithVersionDetectionAndRetryAsync(HttpRequestMessage request, Boolean async, Boolean doRequestAuth, CancellationToken cancellationToken)
   at System.Net.Http.DiagnosticsHandler.SendAsyncCore(HttpRequestMessage request, Boolean async, CancellationToken cancellationToken)
   at System.Net.Http.RedirectHandler.SendAsync(HttpRequestMessage request, Boolean async, CancellationToken cancellationToken)
   at System.Net.Http.HttpClient.<SendAsync>g__Core|83_0(HttpRequestMessage request, HttpCompletionOption completionOption, CancellationTokenSource cts, Boolean disposeCts, CancellationTokenSource pendingRequestsCts, CancellationToken originalCancellationToken)
   --- End of inner exception stack trace ---

 ERROR 11-Jul-2023 19:51:19 [7] - Level 3 Exception :  
 System.Threading.Tasks.TaskCanceledException: The operation was canceled.
 ---> System.IO.IOException: Unable to read data from the transport connection: The I/O operation has been aborted because of either a thread exit or an application request..
 ---> System.Net.Sockets.SocketException (995): The I/O operation has been aborted because of either a thread exit or an application request.
   --- End of inner exception stack trace ---
   at System.Net.Sockets.Socket.AwaitableSocketAsyncEventArgs.ThrowException(SocketError error, CancellationToken cancellationToken)
   at System.Net.Sockets.Socket.AwaitableSocketAsyncEventArgs.System.Threading.Tasks.Sources.IValueTaskSource<System.Int32>.GetResult(Int16 token)
   at System.Net.Http.HttpConnection.InitialFillAsync(Boolean async)
   at System.Net.Http.HttpConnection.SendAsyncCore(HttpRequestMessage request, Boolean async, CancellationToken cancellationToken)
   --- End of inner exception stack trace ---
   at System.Net.Http.HttpConnection.SendAsyncCore(HttpRequestMessage request, Boolean async, CancellationToken cancellationToken)
   at System.Net.Http.HttpConnectionPool.SendWithVersionDetectionAndRetryAsync(HttpRequestMessage request, Boolean async, Boolean doRequestAuth, CancellationToken cancellationToken)
   at System.Net.Http.DiagnosticsHandler.SendAsyncCore(HttpRequestMessage request, Boolean async, CancellationToken cancellationToken)
   at System.Net.Http.RedirectHandler.SendAsync(HttpRequestMessage request, Boolean async, CancellationToken cancellationToken)
   at System.Net.Http.HttpClient.<SendAsync>g__Core|83_0(HttpRequestMessage request, HttpCompletionOption completionOption, CancellationTokenSource cts, Boolean disposeCts, CancellationTokenSource pendingRequestsCts, CancellationToken originalCancellationToken)
