
 ERROR 11-Jul-2023 13:05:53 [20] - Exception :11052023130553012825
User Id: 102660 
 System.NullReferenceException: Object reference not set to an instance of an object.
   at BZ.FW.WebUtility.DataGridHelper.GetDataList(Controller CurrObj, IConfiguration vConfiguration, UserObj mUserObj, String vAPIControllerName, String vAPIActionName, List`1 vFilters) in D:\Apps\.NetCoreApplication\EMSwithAPI\EMS\BZ.FW.WebUtility\Utilities\DataGridHelper.cs:line 46
   at TCE.EMS.WEB.Controllers.PendingForMyActionController.GetViewData(String vEmpCode, String vType) in D:\Apps\.NetCoreApplication\EMSwithAPI\EMS\TCE.EMS.WEB\Controllers\PendingForMyActionController.cs:line 55

 ERROR 11-Jul-2023 13:06:29 [21] - Exception :11062023130629568697
User Id: 102660 
 System.NullReferenceException: Object reference not set to an instance of an object.
   at BZ.FW.WebUtility.DataGridHelper.GetDataList(Controller CurrObj, IConfiguration vConfiguration, UserObj mUserObj, String vAPIControllerName, String vAPIActionName, List`1 vFilters) in D:\Apps\.NetCoreApplication\EMSwithAPI\EMS\BZ.FW.WebUtility\Utilities\DataGridHelper.cs:line 46
   at TCE.EMS.WEB.Controllers.PendingForMyActionController.GetViewData(String vEmpCode, String vType) in D:\Apps\.NetCoreApplication\EMSwithAPI\EMS\TCE.EMS.WEB\Controllers\PendingForMyActionController.cs:line 55

 ERROR 11-Jul-2023 13:09:11 [11] - Exception :11092023130911006998
User Id: 102660 
 System.NullReferenceException: Object reference not set to an instance of an object.
   at BZ.FW.WebUtility.DataGridHelper.GetDataList(Controller CurrObj, IConfiguration vConfiguration, UserObj mUserObj, String vAPIControllerName, String vAPIActionName, List`1 vFilters) in D:\Apps\.NetCoreApplication\EMSwithAPI\EMS\BZ.FW.WebUtility\Utilities\DataGridHelper.cs:line 46
   at TCE.EMS.WEB.Controllers.PendingForMyActionController.GetViewData(String vEmpCode, String vType) in D:\Apps\.NetCoreApplication\EMSwithAPI\EMS\TCE.EMS.WEB\Controllers\PendingForMyActionController.cs:line 55

 ERROR 11-Jul-2023 13:36:59 [7] - Exception :11362023133659370595
User Id: 102660 
 System.NullReferenceException: Object reference not set to an instance of an object.
   at BZ.FW.WebUtility.DataGridHelper.GetDataList(Controller CurrObj, IConfiguration vConfiguration, UserObj mUserObj, String vAPIControllerName, String vAPIActionName, List`1 vFilters) in D:\Apps\.NetCoreApplication\EMSwithAPI\EMS\BZ.FW.WebUtility\Utilities\DataGridHelper.cs:line 46
   at TCE.EMS.WEB.Controllers.PendingForMyActionController.GetViewData(String vEmpCode, String vType) in D:\Apps\.NetCoreApplication\EMSwithAPI\EMS\TCE.EMS.WEB\Controllers\PendingForMyActionController.cs:line 55

 ERROR 11-Jul-2023 13:40:40 [16] - Exception :11402023134040417437
User Id: 102660 
 System.NullReferenceException: Object reference not set to an instance of an object.
   at BZ.FW.WebUtility.DataGridHelper.GetDataList(Controller CurrObj, IConfiguration vConfiguration, UserObj mUserObj, String vAPIControllerName, String vAPIActionName, List`1 vFilters) in D:\Apps\.NetCoreApplication\EMSwithAPI\EMS\BZ.FW.WebUtility\Utilities\DataGridHelper.cs:line 46
   at TCE.EMS.WEB.Controllers.PendingForMyActionController.GetViewData(String vEmpCode, String vType) in D:\Apps\.NetCoreApplication\EMSwithAPI\EMS\TCE.EMS.WEB\Controllers\PendingForMyActionController.cs:line 56
