
 ERROR 20-Jun-2023 19:28:30 [9] - Exception :20282023192830921619
User Id: 102660 
 System.DivideByZeroException: Attempted to divide by zero.
   at TCE.EMS.Web.Controllers.CommonController.GetViewData(String IsStatus) in D:\Apps\.NetCoreApplication\EMSwithAPI\EMS\TCE.EMS.WEB\Controllers\CommonController.cs:line 59

 ERROR 20-Jun-2023 19:28:48 [9] - Exception :20282023192848655369
User Id: 102660 
 System.DivideByZeroException: Attempted to divide by zero.
   at TCE.EMS.Web.Controllers.CommonController.GetViewData(String IsStatus) in D:\Apps\.NetCoreApplication\EMSwithAPI\EMS\TCE.EMS.WEB\Controllers\CommonController.cs:line 59

 ERROR 20-Jun-2023 19:28:51 [10] - Exception :20282023192851166556
User Id: 102660 
 System.DivideByZeroException: Attempted to divide by zero.
   at TCE.EMS.Web.Controllers.CommonController.GetViewData(String IsStatus) in D:\Apps\.NetCoreApplication\EMSwithAPI\EMS\TCE.EMS.WEB\Controllers\CommonController.cs:line 59

 ERROR 20-Jun-2023 19:29:47 [15] - Exception :20292023192947434756
User Id: 102660 
 System.DivideByZeroException: Attempted to divide by zero.
   at TCE.EMS.Web.Controllers.CommonController.GetViewData(String IsStatus) in D:\Apps\.NetCoreApplication\EMSwithAPI\EMS\TCE.EMS.WEB\Controllers\CommonController.cs:line 59

 ERROR 20-Jun-2023 19:29:50 [14] - Exception :20292023192950126988
User Id: 102660 
 System.DivideByZeroException: Attempted to divide by zero.
   at TCE.EMS.Web.Controllers.CommonController.GetViewData(String IsStatus) in D:\Apps\.NetCoreApplication\EMSwithAPI\EMS\TCE.EMS.WEB\Controllers\CommonController.cs:line 59

 ERROR 20-Jun-2023 19:38:24 [7] - Exception :20382023193824975524
User Id: 102660 
 System.DivideByZeroException: Attempted to divide by zero.
   at TCE.EMS.Web.Controllers.CommonController.GetViewData(String IsStatus) in D:\Apps\.NetCoreApplication\EMSWithAPIDemo\EMSwithAPI\EMS\TCE.EMS.WEB\Controllers\CommonController.cs:line 58

 ERROR 20-Jun-2023 19:40:33 [7] - Exception :20402023194033417051
User Id: 102660 
 System.DivideByZeroException: Attempted to divide by zero.
   at TCE.EMS.Web.Controllers.CommonController.GetViewData(String IsStatus) in D:\Apps\.NetCoreApplication\EMSWithAPIDemo\EMSwithAPI\EMS\TCE.EMS.WEB\Controllers\CommonController.cs:line 58

 ERROR 20-Jun-2023 19:41:11 [7] - Exception :20412023194111862622
User Id: 102660 
 System.DivideByZeroException: Attempted to divide by zero.
   at TCE.EMS.Web.Controllers.CommonController.GetViewData(String IsStatus) in D:\Apps\.NetCoreApplication\EMSWithAPIDemo\EMSwithAPI\EMS\TCE.EMS.WEB\Controllers\CommonController.cs:line 58

 ERROR 20-Jun-2023 19:43:10 [9] - Exception :20432023194310058041
User Id: 102660 
 System.NullReferenceException: Object reference not set to an instance of an object.
   at BZ.FW.WebUtility.DataGridHelper.GetDataList(Controller CurrObj, IConfiguration vConfiguration, UserObj mUserObj, String vAPIControllerName, String vAPIActionName, String IsStatus) in D:\Apps\.NetCoreApplication\EMSWithAPIDemo\EMSwithAPI\EMS\BZ.FW.WebUtility\Utilities\DataGridHelper.cs:line 47
   at TCE.EMS.Web.Controllers.CommonController.GetViewData(String IsStatus) in D:\Apps\.NetCoreApplication\EMSWithAPIDemo\EMSwithAPI\EMS\TCE.EMS.WEB\Controllers\CommonController.cs:line 59

 ERROR 20-Jun-2023 19:55:28 [13] - Exception :20552023195528410997
User Id: 102660 
 System.Threading.Tasks.TaskCanceledException: The request was canceled due to the configured HttpClient.Timeout of 100 seconds elapsing.
 ---> System.TimeoutException: The operation was canceled.
 ---> System.Threading.Tasks.TaskCanceledException: The operation was canceled.
 ---> System.IO.IOException: Unable to read data from the transport connection: The I/O operation has been aborted because of either a thread exit or an application request..
 ---> System.Net.Sockets.SocketException (995): The I/O operation has been aborted because of either a thread exit or an application request.
   --- End of inner exception stack trace ---
   at System.Net.Sockets.Socket.AwaitableSocketAsyncEventArgs.ThrowException(SocketError error, CancellationToken cancellationToken)
   at System.Net.Sockets.Socket.AwaitableSocketAsyncEventArgs.System.Threading.Tasks.Sources.IValueTaskSource<System.Int32>.GetResult(Int16 token)
   at System.Net.Http.HttpConnection.InitialFillAsync(Boolean async)
   at System.Net.Http.HttpConnection.SendAsyncCore(HttpRequestMessage request, Boolean async, CancellationToken cancellationToken)
   --- End of inner exception stack trace ---
   at System.Net.Http.HttpConnection.SendAsyncCore(HttpRequestMessage request, Boolean async, CancellationToken cancellationToken)
   at System.Net.Http.HttpConnectionPool.SendWithVersionDetectionAndRetryAsync(HttpRequestMessage request, Boolean async, Boolean doRequestAuth, CancellationToken cancellationToken)
   at System.Net.Http.DiagnosticsHandler.SendAsyncCore(HttpRequestMessage request, Boolean async, CancellationToken cancellationToken)
   at System.Net.Http.RedirectHandler.SendAsync(HttpRequestMessage request, Boolean async, CancellationToken cancellationToken)
   at System.Net.Http.HttpClient.<SendAsync>g__Core|83_0(HttpRequestMessage request, HttpCompletionOption completionOption, CancellationTokenSource cts, Boolean disposeCts, CancellationTokenSource pendingRequestsCts, CancellationToken originalCancellationToken)
   --- End of inner exception stack trace ---
   --- End of inner exception stack trace ---
   at System.Net.Http.HttpClient.HandleFailure(Exception e, Boolean telemetryStarted, HttpResponseMessage response, CancellationTokenSource cts, CancellationToken cancellationToken, CancellationTokenSource pendingRequestsCts)
   at System.Net.Http.HttpClient.<SendAsync>g__Core|83_0(HttpRequestMessage request, HttpCompletionOption completionOption, CancellationTokenSource cts, Boolean disposeCts, CancellationTokenSource pendingRequestsCts, CancellationToken originalCancellationToken)
   at BZ.FW.WebUtility.Utilities.WebApiHelper.Post[T](String vAPIController, String vAPIAction, Object vPostData) in D:\Apps\.NetCoreApplication\EMSWithAPIDemo\EMSwithAPI\EMS\BZ.FW.WebUtility\Utilities\WebApiHelper.cs:line 81
   at BZ.FW.WebUtility.DataGridHelper.GetDataList(Controller CurrObj, IConfiguration vConfiguration, UserObj mUserObj, String vAPIControllerName, String vAPIActionName, String IsStatus) in D:\Apps\.NetCoreApplication\EMSWithAPIDemo\EMSwithAPI\EMS\BZ.FW.WebUtility\Utilities\DataGridHelper.cs:line 45
   at TCE.EMS.Web.Controllers.CommonController.GetViewData(String IsStatus) in D:\Apps\.NetCoreApplication\EMSWithAPIDemo\EMSwithAPI\EMS\TCE.EMS.WEB\Controllers\CommonController.cs:line 59

 ERROR 20-Jun-2023 19:55:28 [13] - Level 2 Exception :  
 System.TimeoutException: The operation was canceled.
 ---> System.Threading.Tasks.TaskCanceledException: The operation was canceled.
 ---> System.IO.IOException: Unable to read data from the transport connection: The I/O operation has been aborted because of either a thread exit or an application request..
 ---> System.Net.Sockets.SocketException (995): The I/O operation has been aborted because of either a thread exit or an application request.
   --- End of inner exception stack trace ---
   at System.Net.Sockets.Socket.AwaitableSocketAsyncEventArgs.ThrowException(SocketError error, CancellationToken cancellationToken)
   at System.Net.Sockets.Socket.AwaitableSocketAsyncEventArgs.System.Threading.Tasks.Sources.IValueTaskSource<System.Int32>.GetResult(Int16 token)
   at System.Net.Http.HttpConnection.InitialFillAsync(Boolean async)
   at System.Net.Http.HttpConnection.SendAsyncCore(HttpRequestMessage request, Boolean async, CancellationToken cancellationToken)
   --- End of inner exception stack trace ---
   at System.Net.Http.HttpConnection.SendAsyncCore(HttpRequestMessage request, Boolean async, CancellationToken cancellationToken)
   at System.Net.Http.HttpConnectionPool.SendWithVersionDetectionAndRetryAsync(HttpRequestMessage request, Boolean async, Boolean doRequestAuth, CancellationToken cancellationToken)
   at System.Net.Http.DiagnosticsHandler.SendAsyncCore(HttpRequestMessage request, Boolean async, CancellationToken cancellationToken)
   at System.Net.Http.RedirectHandler.SendAsync(HttpRequestMessage request, Boolean async, CancellationToken cancellationToken)
   at System.Net.Http.HttpClient.<SendAsync>g__Core|83_0(HttpRequestMessage request, HttpCompletionOption completionOption, CancellationTokenSource cts, Boolean disposeCts, CancellationTokenSource pendingRequestsCts, CancellationToken originalCancellationToken)
   --- End of inner exception stack trace ---

 ERROR 20-Jun-2023 19:55:28 [13] - Level 3 Exception :  
 System.Threading.Tasks.TaskCanceledException: The operation was canceled.
 ---> System.IO.IOException: Unable to read data from the transport connection: The I/O operation has been aborted because of either a thread exit or an application request..
 ---> System.Net.Sockets.SocketException (995): The I/O operation has been aborted because of either a thread exit or an application request.
   --- End of inner exception stack trace ---
   at System.Net.Sockets.Socket.AwaitableSocketAsyncEventArgs.ThrowException(SocketError error, CancellationToken cancellationToken)
   at System.Net.Sockets.Socket.AwaitableSocketAsyncEventArgs.System.Threading.Tasks.Sources.IValueTaskSource<System.Int32>.GetResult(Int16 token)
   at System.Net.Http.HttpConnection.InitialFillAsync(Boolean async)
   at System.Net.Http.HttpConnection.SendAsyncCore(HttpRequestMessage request, Boolean async, CancellationToken cancellationToken)
   --- End of inner exception stack trace ---
   at System.Net.Http.HttpConnection.SendAsyncCore(HttpRequestMessage request, Boolean async, CancellationToken cancellationToken)
   at System.Net.Http.HttpConnectionPool.SendWithVersionDetectionAndRetryAsync(HttpRequestMessage request, Boolean async, Boolean doRequestAuth, CancellationToken cancellationToken)
   at System.Net.Http.DiagnosticsHandler.SendAsyncCore(HttpRequestMessage request, Boolean async, CancellationToken cancellationToken)
   at System.Net.Http.RedirectHandler.SendAsync(HttpRequestMessage request, Boolean async, CancellationToken cancellationToken)
   at System.Net.Http.HttpClient.<SendAsync>g__Core|83_0(HttpRequestMessage request, HttpCompletionOption completionOption, CancellationTokenSource cts, Boolean disposeCts, CancellationTokenSource pendingRequestsCts, CancellationToken originalCancellationToken)
