
 ERROR 11-Jul-2023 11:56:31 [14] - Exception :11562023115631049843
User Id: 102660 
 System.Exception: Error performing action. Please try again or contact system admin. Error No.11562023115630447533
   at BZ.FW.WebUtility.DataGridHelper.GetDataList(Controller CurrObj, IConfiguration vConfiguration, UserObj mUserObj, String vAPIControllerName, String vAPIActionName, List`1 vFilters) in D:\Apps\.NetCoreApplication\EMSwithAPI\EMS\BZ.FW.WebUtility\Utilities\DataGridHelper.cs:line 47
   at TCE.EMS.WEB.Controllers.UserAclController.GetViewData(String IsStatus) in D:\Apps\.NetCoreApplication\EMSwithAPI\EMS\TCE.EMS.WEB\Controllers\UserAclController.cs:line 64

 ERROR 11-Jul-2023 11:58:33 [13] - Exception :11582023115833298047
User Id: 102660 
 System.Exception: Error performing action. Please try again or contact system admin. Error No.11572023115742726436
   at BZ.FW.WebUtility.DataGridHelper.GetDataList(Controller CurrObj, IConfiguration vConfiguration, UserObj mUserObj, String vAPIControllerName, String vAPIActionName, List`1 vFilters) in D:\Apps\.NetCoreApplication\EMSwithAPI\EMS\BZ.FW.WebUtility\Utilities\DataGridHelper.cs:line 47
   at TCE.EMS.WEB.Controllers.UserAclController.GetViewData(String IsStatus) in D:\Apps\.NetCoreApplication\EMSwithAPI\EMS\TCE.EMS.WEB\Controllers\UserAclController.cs:line 64

 ERROR 11-Jul-2023 11:58:46 [13] - Exception :11582023115846710236
User Id: 102660 
 System.Exception: Error performing action. Please try again or contact system admin. Error No.11582023115846598343
   at BZ.FW.WebUtility.DataGridHelper.GetDataList(Controller CurrObj, IConfiguration vConfiguration, UserObj mUserObj, String vAPIControllerName, String vAPIActionName, List`1 vFilters) in D:\Apps\.NetCoreApplication\EMSwithAPI\EMS\BZ.FW.WebUtility\Utilities\DataGridHelper.cs:line 47
   at TCE.EMS.WEB.Controllers.UserAclController.GetViewData(String IsStatus) in D:\Apps\.NetCoreApplication\EMSwithAPI\EMS\TCE.EMS.WEB\Controllers\UserAclController.cs:line 64

 ERROR 11-Jul-2023 11:59:58 [7] - Exception :11592023115958871171
User Id: 102660 
 System.Exception: Error performing action. Please try again or contact system admin. Error No.11592023115958164712
   at BZ.FW.WebUtility.DataGridHelper.GetDataList(Controller CurrObj, IConfiguration vConfiguration, UserObj mUserObj, String vAPIControllerName, String vAPIActionName, List`1 vFilters) in D:\Apps\.NetCoreApplication\EMSwithAPI\EMS\BZ.FW.WebUtility\Utilities\DataGridHelper.cs:line 47
   at TCE.EMS.WEB.Controllers.UserAclController.GetViewData(String IsStatus) in D:\Apps\.NetCoreApplication\EMSwithAPI\EMS\TCE.EMS.WEB\Controllers\UserAclController.cs:line 64
